[+0,00s] DEBUG: _g_io_module_get_default: Found default implementation dconf (DConfSettingsBackend) for ‘gsettings-backend’
[+0,01s] DEBUG: settings.vala:178: Resetting dconf setting for background to default
[+0,01s] DEBUG: settings.vala:178: Resetting dconf setting for background-color to default
[+0,01s] DEBUG: settings.vala:178: Resetting dconf setting for logo to default
[+0,01s] DEBUG: settings.vala:178: Resetting dconf setting for other-monitors-logo to default
[+0,01s] DEBUG: settings.vala:178: Resetting dconf setting for theme-name to default
[+0,01s] DEBUG: settings.vala:178: Resetting dconf setting for icon-theme-name to default
[+0,01s] DEBUG: settings.vala:178: Resetting dconf setting for cursor-theme-name to default
[+0,01s] DEBUG: settings.vala:178: Resetting dconf setting for font-name to default
[+0,01s] DEBUG: settings.vala:178: Resetting dconf setting for play-ready-sound to default
[+0,01s] DEBUG: settings.vala:178: Resetting dconf setting for xft-hintstyle to default
[+0,01s] DEBUG: settings.vala:178: Resetting dconf setting for xft-rgba to default
[+0,01s] DEBUG: settings.vala:178: Resetting dconf setting for enable-hidpi to default
[+0,01s] DEBUG: settings.vala:178: Resetting dconf setting for only-on-monitor to default
[+0,01s] DEBUG: settings.vala:178: Resetting dconf setting for clock-format to default
[+0,01s] DEBUG: settings.vala:178: Resetting dconf setting for onscreen-keyboard-layout to default
[+0,01s] DEBUG: settings.vala:178: Resetting dconf setting for content-align to default
[+0,01s] DEBUG: settings.vala:196: Resetting dconf setting for draw-user-backgrounds to default
[+0,01s] DEBUG: settings.vala:196: Resetting dconf setting for stretch-background-across-monitors to default
[+0,01s] DEBUG: settings.vala:196: Resetting dconf setting for draw-grid to default
[+0,01s] DEBUG: settings.vala:196: Resetting dconf setting for show-hostname to default
[+0,01s] DEBUG: settings.vala:196: Resetting dconf setting for show-power to default
[+0,01s] DEBUG: settings.vala:196: Resetting dconf setting for show-a11y to default
[+0,01s] DEBUG: settings.vala:196: Resetting dconf setting for show-clock to default
[+0,01s] DEBUG: settings.vala:196: Resetting dconf setting for show-keyboard to default
[+0,01s] DEBUG: settings.vala:196: Resetting dconf setting for show-quit to default
[+0,01s] DEBUG: settings.vala:196: Resetting dconf setting for xft-antialias to default
[+0,01s] DEBUG: settings.vala:196: Resetting dconf setting for activate-numlock to default
[+0,01s] DEBUG: settings.vala:214: Resetting dconf setting for xft-dpi to default
[+0,01s] DEBUG: settings.vala:214: Resetting dconf setting for cursor-theme-size to default
[+0,01s] DEBUG: settings.vala:232: Resetting dconf setting for hidden-users to default
[+0,01s] DEBUG: settings.vala:232: Resetting dconf setting for group-filter to default
[+0,01s] DEBUG: slick-greeter.vala:722: HiDPI support: auto
[+1,16s] DEBUG: unsetenv() is not thread-safe and should not be used after threads are created
[+1,16s] WARNING: AT-SPI: Error retrieving accessibility bus address: org.freedesktop.DBus.Error.ServiceUnknown: The name org.a11y.Bus was not provided by any .service files
[+1,16s] DEBUG: slick-greeter.vala:746: Starting slick-greeter 2.0.9 UID=102 LANG=tr_TR.UTF-8
[+1,16s] DEBUG: slick-greeter.vala:749: Setting cursor
[+1,16s] DEBUG: slick-greeter.vala:763: Loading command line options
[+1,16s] DEBUG: slick-greeter.vala:790: Setting GTK+ settings
[+1,26s] DEBUG: _g_io_module_get_default: Found default implementation gvfs (GDaemonVfs) for ‘gio-vfs’
[+1,31s] DEBUG: slick-greeter.vala:794: Setting GTK theme: Adwaita
[+1,34s] DEBUG: slick-greeter.vala:799: Setting icon theme: gnome
[+1,34s] DEBUG: slick-greeter.vala:804: Setting cursor theme: default
[+1,34s] DEBUG: slick-greeter.vala:809: Settings cursor theme size: 24
[+1,34s] DEBUG: slick-greeter.vala:828: Creating Slick Greeter
[+1,34s] DEBUG: slick-greeter.vala:55: Creating background surface
[+1,35s] DEBUG: Connecting to display manager...
[+1,35s] DEBUG: Wrote 26 bytes to daemon
[+1,35s] DEBUG: Read 8 bytes from daemon
[+1,35s] DEBUG: Read 168 bytes from daemon
[+1,35s] DEBUG: Connected api=1 version=1.32.0 hide-users=false has-guest-account=false default-session=lightdm-xsession show-manual-login=true show-remote-login=true
[+1,72s] DEBUG: Loading users from org.freedesktop.Accounts
[+1,72s] DEBUG: User /org/freedesktop/Accounts/User1000 added
[+1,73s] DEBUG: user-list.vala:1064: Adding/updating user satella (satella)
[+1,73s] DEBUG: Loading sessions from org.freedesktop.DisplayManager
[+1,85s] DEBUG: main-window.vala:259: Monitor 0 is 1280x655 pixels at 0,0
[+1,85s] DEBUG: main-window.vala:275: MainWindow is 0x0 pixels
[+1,85s] DEBUG: slick-greeter.vala:831: Showing greeter
[+1,85s] DEBUG: slick-greeter.vala:313: Showing main window
[+1,86s] DEBUG: background.vala:66: Making background #000000 at 1280x655
[+1,86s] DEBUG: background.vala:77: Render of background #000000 complete
[+1,88s] DEBUG: Loaded session /usr/share/xsessions/lightdm-xsession.desktop (Default Xsession, )
[+1,88s] DEBUG: Loaded session /usr/share/xsessions/xfce.desktop (Xfce Oturumu, Xfce'yi masaüstü ortamınız olarak kullanmak için bu oturumu kullanın)
[+1,88s] DEBUG: Loaded session /usr/share/wayland-sessions/xfce-wayland.desktop (Xfce Oturumu (Wayland), Xfce'yi masaüstü ortamınız olarak kullanmak için bu oturumu kullanın)
[+1,88s] DEBUG: Starting authentication for user satella...
[+1,88s] DEBUG: Wrote 23 bytes to daemon
[+1,88s] DEBUG: slick-greeter.vala:841: Starting main loop
[+1,89s] DEBUG: background.vala:605: Regenerating backgrounds
[+1,89s] DEBUG: background.vala:66: Making background #000000 at 1280x655
[+1,89s] DEBUG: background.vala:77: Render of background #000000 complete
[+1,89s] DEBUG: background.vala:66: Making background /usr/share/images/desktop-base/login-background.svg at 1280x655
[+1,89s] DEBUG: background.vala:157: Error loading background: “/usr/share/images/desktop-base/login-background.svg” dosyası açılamadı: Böyle bir dosya ya da dizin yok
[+1,89s] DEBUG: background.vala:605: Regenerating backgrounds
[+1,89s] DEBUG: background.vala:66: Making background #000000 at 1280x655
[+1,89s] DEBUG: background.vala:77: Render of background #000000 complete
[+1,89s] DEBUG: background.vala:66: Making background /usr/share/images/desktop-base/login-background.svg at 1280x655
[+1,89s] DEBUG: background.vala:157: Error loading background: “/usr/share/images/desktop-base/login-background.svg” dosyası açılamadı: Böyle bir dosya ya da dizin yok
[+1,92s] DEBUG: slick-greeter.vala:301: starting system-ready sound
[+1,92s] DEBUG: background.vala:119: Render of background /usr/share/images/desktop-base/login-background.svg complete
[+1,92s] DEBUG: background.vala:136: images[0] was null for /usr/share/images/desktop-base/login-background.svg
[+1,92s] DEBUG: background.vala:119: Render of background /usr/share/images/desktop-base/login-background.svg complete
[+1,92s] DEBUG: background.vala:136: images[0] was null for /usr/share/images/desktop-base/login-background.svg
[+2,01s] DEBUG: Read 8 bytes from daemon
[+2,01s] DEBUG: Read 37 bytes from daemon
[+2,01s] DEBUG: Prompt user with 1 message(s)
[+3,27s] CRITICAL: xapp_kbd_layout_controller_get_current_short_group_label: assertion 'controller->priv->enabled' failed
[+3,27s] CRITICAL: xapp_kbd_layout_controller_get_current_name: assertion 'controller->priv->enabled' failed
[+3,27s] CRITICAL: xapp_kbd_layout_controller_get_current_short_group_label: assertion 'controller->priv->enabled' failed
[+3,27s] CRITICAL: xapp_kbd_layout_controller_get_current_name: assertion 'controller->priv->enabled' failed
[+3,96s] CRITICAL: xapp_kbd_layout_controller_get_current_short_group_label: assertion 'controller->priv->enabled' failed
[+3,96s] CRITICAL: xapp_kbd_layout_controller_get_current_name: assertion 'controller->priv->enabled' failed
[+5,55s] DEBUG: Providing response to display manager
[+5,55s] DEBUG: Wrote 22 bytes to daemon
[+5,68s] DEBUG: Read 8 bytes from daemon
[+5,68s] DEBUG: Read 19 bytes from daemon
[+5,68s] DEBUG: Authentication complete for user satella with return code 0
[+5,68s] DEBUG: main-window.vala:234: Killing orca and onboard
[+5,68s] DEBUG: Starting session lightdm-xsession
[+5,68s] DEBUG: Wrote 28 bytes to daemon
[+5,70s] DEBUG: Read 8 bytes from daemon
[+5,70s] DEBUG: Read 4 bytes from daemon
[+5,70s] DEBUG: slick-greeter.vala:836: Got a SIGTERM
[+5,70s] DEBUG: slick-greeter.vala:844: Cleaning up
[+5,70s] DEBUG: slick-greeter.vala:857: Exiting
